<?xml version="1.0" encoding="UTF-8"?>
<testsuite xmlns:xsi="http://www.w3.org/2001/XMLSchema-instance" xsi:noNamespaceSchemaLocation="https://maven.apache.org/surefire/maven-surefire-plugin/xsd/surefire-test-report.xsd" name="TestSuite" time="21.308" tests="2" errors="0" skipped="0" failures="0">
  <properties>
[...]
</properties>
  <testcase name="Test_Create_New_Account" classname="Tests.RegisterTests" time="3.081"/>
  <testcase name="Test_Add_Cart" classname="Tests.HomePageTests" time="7.471"/>
</testsuite>