<?xml version="1.0" encoding="UTF-8"?>
<testng-results ignored="0" total="2" passed="2" failed="0" skipped="0">
  <reporter-output>
  </reporter-output>
  <suite started-at="2021-08-25T20:40:37 CST" name="Account Tests" finished-at="2021-08-25T20:40:58 CST" duration-ms="20539">
    <groups>
    </groups>
    <test started-at="2021-08-25T20:40:37 CST" name="Login Tests - Chrome" finished-at="2021-08-25T20:40:47 CST" duration-ms="9816">
      <class name="Tests.RegisterTests">
        <test-method is-config="true" signature="beforeMethod(java.lang.String)[pri:0, instance:Tests.RegisterTests@6df20ade]" started-at="2021-08-25T20:40:37 CST" name="beforeMethod" finished-at="2021-08-25T20:40:43 CST" duration-ms="5887" status="PASS">
          <params>
            <param index="0">
              <value>
                <![CDATA[chrome]]>
              </value>
            </param>
          </params>
          <reporter-output>
          </reporter-output>
        </test-method> <!-- beforeMethod -->
        <test-method signature="Test_Create_New_Account()[pri:0, instance:Tests.RegisterTests@6df20ade]" started-at="2021-08-25T20:40:43 CST" name="Test_Create_New_Account" description="Test to create a new user" finished-at="2021-08-25T20:40:46 CST" duration-ms="3080" status="PASS">
          <reporter-output>
          </reporter-output>
        </test-method> <!-- Test_Create_New_Account -->
        <test-method is-config="true" signature="afterMethod()[pri:0, instance:Tests.RegisterTests@6df20ade]" started-at="2021-08-25T20:40:46 CST" name="afterMethod" finished-at="2021-08-25T20:40:47 CST" duration-ms="712" status="PASS">
          <reporter-output>
          </reporter-output>
        </test-method> <!-- afterMethod -->
      </class> <!-- Tests.RegisterTests -->
    </test> <!-- Login Tests - Chrome -->
    <test started-at="2021-08-25T20:40:47 CST" name="Home Page Tests - Chrome" finished-at="2021-08-25T20:40:58 CST" duration-ms="10711">
      <class name="Tests.HomePageTests">
        <test-method is-config="true" signature="beforeMethod(java.lang.String)[pri:0, instance:Tests.HomePageTests@3c818ac4]" started-at="2021-08-25T20:40:47 CST" name="beforeMethod" finished-at="2021-08-25T20:40:50 CST" duration-ms="2662" status="PASS">
          <params>
            <param index="0">
              <value>
                <![CDATA[chrome]]>
              </value>
            </param>
          </params>
          <reporter-output>
          </reporter-output>
        </test-method> <!-- beforeMethod -->
        <test-method signature="Test_Add_Cart()[pri:0, instance:Tests.HomePageTests@3c818ac4]" started-at="2021-08-25T20:40:50 CST" name="Test_Add_Cart" description="Test add to cart" finished-at="2021-08-25T20:40:57 CST" duration-ms="7471" status="PASS">
          <reporter-output>
          </reporter-output>
        </test-method> <!-- Test_Add_Cart -->
        <test-method is-config="true" signature="afterMethod()[pri:0, instance:Tests.HomePageTests@3c818ac4]" started-at="2021-08-25T20:40:57 CST" name="afterMethod" finished-at="2021-08-25T20:40:58 CST" duration-ms="571" status="PASS">
          <reporter-output>
          </reporter-output>
        </test-method> <!-- afterMethod -->
      </class> <!-- Tests.HomePageTests -->
    </test> <!-- Home Page Tests - Chrome -->
  </suite> <!-- Account Tests -->
</testng-results>
